Partition Merge report for DE2_70
Tue May 24 16:44:58 2016
Quartus II 64-Bit Version 13.0.1 Build 232 06/12/2013 Service Pack 1 SJ Full Version


---------------------
; Table of Contents ;
---------------------
  1. Legal Notice
  2. Partition Merge Summary
  3. Partition Merge Netlist Types Used
  4. Partition Merge Partition Statistics
  5. Partition Merge Resource Usage Summary
  6. Partition Merge RAM Summary
  7. Partition Merge Messages



----------------
; Legal Notice ;
----------------
Copyright (C) 1991-2013 Altera Corporation
Your use of Altera Corporation's design tools, logic functions 
and other software and tools, and its AMPP partner logic 
functions, and any output files from any of the foregoing 
(including device programming or simulation files), and any 
associated documentation or information are expressly subject 
to the terms and conditions of the Altera Program License 
Subscription Agreement, Altera MegaCore Function License 
Agreement, or other applicable license agreement, including, 
without limitation, that your use is for the sole purpose of 
programming logic devices manufactured by Altera and sold by 
Altera or its authorized distributors.  Please refer to the 
applicable agreement for further details.



+---------------------------------------------------------------------------------------+
; Partition Merge Summary                                                               ;
+------------------------------------+--------------------------------------------------+
; Partition Merge Status             ; Successful - Tue May 24 16:44:58 2016            ;
; Quartus II 64-Bit Version          ; 13.0.1 Build 232 06/12/2013 SP 1 SJ Full Version ;
; Revision Name                      ; DE2_70                                           ;
; Top-level Entity Name              ; DE2_70                                           ;
; Family                             ; Cyclone II                                       ;
; Total logic elements               ; 3,053                                            ;
;     Total combinational functions  ; 2,597                                            ;
;     Dedicated logic registers      ; 1,384                                            ;
; Total registers                    ; 1384                                             ;
; Total pins                         ; 530                                              ;
; Total virtual pins                 ; 0                                                ;
; Total memory bits                  ; 160,824                                          ;
; Embedded Multiplier 9-bit elements ; 0                                                ;
; Total PLLs                         ; 2                                                ;
+------------------------------------+--------------------------------------------------+


+-------------------------------------------------------------------------------------------------------------------------------+
; Partition Merge Netlist Types Used                                                                                            ;
+--------------------------------+----------------+-------------------+------------------------+--------------------------------+
; Partition Name                 ; Partition Type ; Netlist Type Used ; Netlist Type Requested ; Partition Contents             ;
+--------------------------------+----------------+-------------------+------------------------+--------------------------------+
; Top                            ; User-created   ; Source File       ; Post-Fit               ;                                ;
; hard_block:auto_generated_inst ; Auto-generated ; Source File       ; Source File            ; hard_block:auto_generated_inst ;
+--------------------------------+----------------+-------------------+------------------------+--------------------------------+


+---------------------------------------------------------------------------------------+
; Partition Merge Partition Statistics                                                  ;
+---------------------------------------------+--------+--------------------------------+
; Statistic                                   ; Top    ; hard_block:auto_generated_inst ;
+---------------------------------------------+--------+--------------------------------+
; Estimated Total logic elements              ; 3053   ; 0                              ;
;                                             ;        ;                                ;
; Total combinational functions               ; 2597   ; 0                              ;
; Logic element usage by number of LUT inputs ;        ;                                ;
;     -- 4 input functions                    ; 1048   ; 0                              ;
;     -- 3 input functions                    ; 743    ; 0                              ;
;     -- <=2 input functions                  ; 806    ; 0                              ;
;                                             ;        ;                                ;
; Logic elements by mode                      ;        ;                                ;
;     -- normal mode                          ; 1892   ; 0                              ;
;     -- arithmetic mode                      ; 705    ; 0                              ;
;                                             ;        ;                                ;
; Total registers                             ; 1384   ; 0                              ;
;     -- Dedicated logic registers            ; 1384   ; 0                              ;
;                                             ;        ;                                ;
; Virtual pins                                ; 0      ; 0                              ;
; I/O pins                                    ; 530    ; 0                              ;
; Embedded Multiplier 9-bit elements          ; 0      ; 0                              ;
; Total memory bits                           ; 160824 ; 0                              ;
; Total RAM block bits                        ; 0      ; 0                              ;
; PLL                                         ; 0      ; 2                              ;
;                                             ;        ;                                ;
; Connections                                 ;        ;                                ;
;     -- Input Connections                    ; 927    ; 2                              ;
;     -- Registered Input Connections         ; 924    ; 0                              ;
;     -- Output Connections                   ; 2      ; 927                            ;
;     -- Registered Output Connections        ; 0      ; 0                              ;
;                                             ;        ;                                ;
; Internal Connections                        ;        ;                                ;
;     -- Total Connections                    ; 16375  ; 929                            ;
;     -- Registered Connections               ; 8745   ; 0                              ;
;                                             ;        ;                                ;
; External Connections                        ;        ;                                ;
;     -- Top                                  ; 0      ; 929                            ;
;     -- hard_block:auto_generated_inst       ; 929    ; 0                              ;
;                                             ;        ;                                ;
; Partition Interface                         ;        ;                                ;
;     -- Input Ports                          ; 64     ; 2                              ;
;     -- Output Ports                         ; 261    ; 4                              ;
;     -- Bidir Ports                          ; 205    ; 0                              ;
;                                             ;        ;                                ;
; Registered Ports                            ;        ;                                ;
;     -- Registered Input Ports               ; 0      ; 0                              ;
;     -- Registered Output Ports              ; 0      ; 0                              ;
;                                             ;        ;                                ;
; Port Connectivity                           ;        ;                                ;
;     -- Input Ports driven by GND            ; 0      ; 0                              ;
;     -- Output Ports driven by GND           ; 0      ; 0                              ;
;     -- Input Ports driven by VCC            ; 0      ; 0                              ;
;     -- Output Ports driven by VCC           ; 0      ; 0                              ;
;     -- Input Ports with no Source           ; 0      ; 0                              ;
;     -- Output Ports with no Source          ; 0      ; 0                              ;
;     -- Input Ports with no Fanout           ; 0      ; 0                              ;
;     -- Output Ports with no Fanout          ; 0      ; 0                              ;
+---------------------------------------------+--------+--------------------------------+
Note: Resource usage numbers presented for Partitions containing post-synthesis logic are estimates.  For Partitions containing post-fit logic, resource usage numbers are accurate based on previous placement information.  Actual Fitter results may vary depending on current Fitter Preservation Level assignments.


+------------------------------------------------------------------------------------------+
; Partition Merge Resource Usage Summary                                                   ;
+---------------------------------------------+--------------------------------------------+
; Resource                                    ; Usage                                      ;
+---------------------------------------------+--------------------------------------------+
; Estimated Total logic elements              ; 3,053                                      ;
;                                             ;                                            ;
; Total combinational functions               ; 2597                                       ;
; Logic element usage by number of LUT inputs ;                                            ;
;     -- 4 input functions                    ; 1048                                       ;
;     -- 3 input functions                    ; 743                                        ;
;     -- <=2 input functions                  ; 806                                        ;
;                                             ;                                            ;
; Logic elements by mode                      ;                                            ;
;     -- normal mode                          ; 1892                                       ;
;     -- arithmetic mode                      ; 705                                        ;
;                                             ;                                            ;
; Total registers                             ; 1384                                       ;
;     -- Dedicated logic registers            ; 1384                                       ;
;     -- I/O registers                        ; 0                                          ;
;                                             ;                                            ;
; I/O pins                                    ; 530                                        ;
; Total memory bits                           ; 160824                                     ;
; Embedded Multiplier 9-bit elements          ; 0                                          ;
; Total PLLs                                  ; 2                                          ;
;     -- PLLs                                 ; 2                                          ;
;                                             ;                                            ;
; Maximum fan-out node                        ; sdram_pll:u6|altpll:altpll_component|_clk0 ;
; Maximum fan-out                             ; 759                                        ;
; Total fan-out                               ; 15671                                      ;
; Average fan-out                             ; 3.35                                       ;
+---------------------------------------------+--------------------------------------------+


+------------------------------------------------------------------------------------------------------------------------------------------------------------------------------------------------------------------------------------------------------------------------+
; Partition Merge RAM Summary                                                                                                                                                                                                                                            ;
+-------------------------------------------------------------------------------------------------------------------------------------------------------------------+------+------------------+--------------+--------------+--------------+--------------+-------+------+
; Name                                                                                                                                                              ; Type ; Mode             ; Port A Depth ; Port A Width ; Port B Depth ; Port B Width ; Size  ; MIF  ;
+-------------------------------------------------------------------------------------------------------------------------------------------------------------------+------+------------------+--------------+--------------+--------------+--------------+-------+------+
; Histo:H0|SRAM:DispRam|altsyncram:altsyncram_component|altsyncram_uio1:auto_generated|ALTSYNCRAM                                                                   ; AUTO ; Simple Dual Port ; 4096         ; 20           ; 4096         ; 20           ; 81920 ; None ;
; Histo:H0|SRAM:HisRam|altsyncram:altsyncram_component|altsyncram_uio1:auto_generated|ALTSYNCRAM                                                                    ; AUTO ; Simple Dual Port ; 4096         ; 20           ; 4096         ; 20           ; 81920 ; None ;
; RAW2RGB:u3|Line_Buffer:L1|altshift_taps:altshift_taps_component|shift_taps_0jn:auto_generated|altsyncram_sj81:altsyncram2|ALTSYNCRAM                              ; AUTO ; Simple Dual Port ; 798          ; 36           ; 798          ; 36           ; 28728 ; None ;
; Sdram_Control_4Port:u7|Sdram_FIFO:read_fifo1|dcfifo:dcfifo_component|dcfifo_m2o1:auto_generated|altsyncram_1l81:fifo_ram|altsyncram_drg1:altsyncram14|ALTSYNCRAM  ; M4K  ; True Dual Port   ; 512          ; 16           ; 512          ; 16           ; 8192  ; None ;
; Sdram_Control_4Port:u7|Sdram_FIFO:write_fifo1|dcfifo:dcfifo_component|dcfifo_m2o1:auto_generated|altsyncram_1l81:fifo_ram|altsyncram_drg1:altsyncram14|ALTSYNCRAM ; M4K  ; True Dual Port   ; 512          ; 16           ; 512          ; 16           ; 8192  ; None ;
; Sdram_Control_4Port:u7|Sdram_FIFO:write_fifo2|dcfifo:dcfifo_component|dcfifo_m2o1:auto_generated|altsyncram_1l81:fifo_ram|altsyncram_drg1:altsyncram14|ALTSYNCRAM ; M4K  ; True Dual Port   ; 512          ; 16           ; 512          ; 16           ; 8192  ; None ;
; Sdram_Control_4Port:u8|Sdram_FIFO:read_fifo1|dcfifo:dcfifo_component|dcfifo_m2o1:auto_generated|altsyncram_1l81:fifo_ram|altsyncram_drg1:altsyncram14|ALTSYNCRAM  ; M4K  ; True Dual Port   ; 512          ; 16           ; 512          ; 16           ; 8192  ; None ;
; Sdram_Control_4Port:u8|Sdram_FIFO:write_fifo1|dcfifo:dcfifo_component|dcfifo_m2o1:auto_generated|altsyncram_1l81:fifo_ram|altsyncram_drg1:altsyncram14|ALTSYNCRAM ; M4K  ; True Dual Port   ; 512          ; 16           ; 512          ; 16           ; 8192  ; None ;
; Sdram_Control_4Port:u8|Sdram_FIFO:write_fifo2|dcfifo:dcfifo_component|dcfifo_m2o1:auto_generated|altsyncram_1l81:fifo_ram|altsyncram_drg1:altsyncram14|ALTSYNCRAM ; M4K  ; True Dual Port   ; 512          ; 16           ; 512          ; 16           ; 8192  ; None ;
+-------------------------------------------------------------------------------------------------------------------------------------------------------------------+------+------------------+--------------+--------------+--------------+--------------+-------+------+


+--------------------------+
; Partition Merge Messages ;
+--------------------------+
Info: *******************************************************************
Info: Running Quartus II 64-Bit Partition Merge
    Info: Version 13.0.1 Build 232 06/12/2013 Service Pack 1 SJ Full Version
    Info: Processing started: Tue May 24 16:44:57 2016
Info: Command: quartus_cdb --read_settings_files=off --write_settings_files=off DE2_70 -c DE2_70 --merge=on
Warning (35010): Previously generated Fitter netlist for partition "Top" is older than current Synthesis netlist -- using the current Synthesis netlist instead to ensure that the latest source changes are included
    Info (35011): Set the option to Ignore source file changes to force the Quartus II software to always use a previously generated Fitter netlist
Info (35007): Using synthesis netlist for partition "Top"
Info (35002): Resolved and merged 1 partition(s)
Info (16010): Generating hard_block partition "hard_block:auto_generated_inst"
    Info (16011): Adding 2 node(s), including 0 DDIO, 2 PLL, 0 transceiver and 0 LCELL
Warning (15400): WYSIWYG primitive "Sdram_Control_4Port:u7|Sdram_FIFO:write_fifo2|dcfifo:dcfifo_component|dcfifo_m2o1:auto_generated|altsyncram_1l81:fifo_ram|altsyncram_drg1:altsyncram14|ram_block15a0" has a port clk1 that is stuck at GND
Warning (15400): WYSIWYG primitive "Sdram_Control_4Port:u7|Sdram_FIFO:write_fifo2|dcfifo:dcfifo_component|dcfifo_m2o1:auto_generated|altsyncram_1l81:fifo_ram|altsyncram_drg1:altsyncram14|ram_block15a1" has a port clk1 that is stuck at GND
Warning (15400): WYSIWYG primitive "Sdram_Control_4Port:u7|Sdram_FIFO:write_fifo2|dcfifo:dcfifo_component|dcfifo_m2o1:auto_generated|altsyncram_1l81:fifo_ram|altsyncram_drg1:altsyncram14|ram_block15a2" has a port clk1 that is stuck at GND
Warning (15400): WYSIWYG primitive "Sdram_Control_4Port:u7|Sdram_FIFO:write_fifo2|dcfifo:dcfifo_component|dcfifo_m2o1:auto_generated|altsyncram_1l81:fifo_ram|altsyncram_drg1:altsyncram14|ram_block15a3" has a port clk1 that is stuck at GND
Warning (15400): WYSIWYG primitive "Sdram_Control_4Port:u7|Sdram_FIFO:write_fifo2|dcfifo:dcfifo_component|dcfifo_m2o1:auto_generated|altsyncram_1l81:fifo_ram|altsyncram_drg1:altsyncram14|ram_block15a4" has a port clk1 that is stuck at GND
Warning (15400): WYSIWYG primitive "Sdram_Control_4Port:u7|Sdram_FIFO:write_fifo2|dcfifo:dcfifo_component|dcfifo_m2o1:auto_generated|altsyncram_1l81:fifo_ram|altsyncram_drg1:altsyncram14|ram_block15a5" has a port clk1 that is stuck at GND
Warning (15400): WYSIWYG primitive "Sdram_Control_4Port:u7|Sdram_FIFO:write_fifo2|dcfifo:dcfifo_component|dcfifo_m2o1:auto_generated|altsyncram_1l81:fifo_ram|altsyncram_drg1:altsyncram14|ram_block15a6" has a port clk1 that is stuck at GND
Warning (15400): WYSIWYG primitive "Sdram_Control_4Port:u7|Sdram_FIFO:write_fifo2|dcfifo:dcfifo_component|dcfifo_m2o1:auto_generated|altsyncram_1l81:fifo_ram|altsyncram_drg1:altsyncram14|ram_block15a7" has a port clk1 that is stuck at GND
Warning (15400): WYSIWYG primitive "Sdram_Control_4Port:u7|Sdram_FIFO:write_fifo2|dcfifo:dcfifo_component|dcfifo_m2o1:auto_generated|altsyncram_1l81:fifo_ram|altsyncram_drg1:altsyncram14|ram_block15a8" has a port clk1 that is stuck at GND
Warning (15400): WYSIWYG primitive "Sdram_Control_4Port:u7|Sdram_FIFO:write_fifo2|dcfifo:dcfifo_component|dcfifo_m2o1:auto_generated|altsyncram_1l81:fifo_ram|altsyncram_drg1:altsyncram14|ram_block15a9" has a port clk1 that is stuck at GND
Warning (15400): WYSIWYG primitive "Sdram_Control_4Port:u7|Sdram_FIFO:write_fifo2|dcfifo:dcfifo_component|dcfifo_m2o1:auto_generated|altsyncram_1l81:fifo_ram|altsyncram_drg1:altsyncram14|ram_block15a10" has a port clk1 that is stuck at GND
Warning (15400): WYSIWYG primitive "Sdram_Control_4Port:u7|Sdram_FIFO:write_fifo2|dcfifo:dcfifo_component|dcfifo_m2o1:auto_generated|altsyncram_1l81:fifo_ram|altsyncram_drg1:altsyncram14|ram_block15a11" has a port clk1 that is stuck at GND
Warning (15400): WYSIWYG primitive "Sdram_Control_4Port:u7|Sdram_FIFO:write_fifo2|dcfifo:dcfifo_component|dcfifo_m2o1:auto_generated|altsyncram_1l81:fifo_ram|altsyncram_drg1:altsyncram14|ram_block15a12" has a port clk1 that is stuck at GND
Warning (15400): WYSIWYG primitive "Sdram_Control_4Port:u7|Sdram_FIFO:write_fifo2|dcfifo:dcfifo_component|dcfifo_m2o1:auto_generated|altsyncram_1l81:fifo_ram|altsyncram_drg1:altsyncram14|ram_block15a13" has a port clk1 that is stuck at GND
Warning (15400): WYSIWYG primitive "Sdram_Control_4Port:u7|Sdram_FIFO:write_fifo2|dcfifo:dcfifo_component|dcfifo_m2o1:auto_generated|altsyncram_1l81:fifo_ram|altsyncram_drg1:altsyncram14|ram_block15a14" has a port clk1 that is stuck at GND
Warning (15400): WYSIWYG primitive "Sdram_Control_4Port:u7|Sdram_FIFO:write_fifo2|dcfifo:dcfifo_component|dcfifo_m2o1:auto_generated|altsyncram_1l81:fifo_ram|altsyncram_drg1:altsyncram14|ram_block15a15" has a port clk1 that is stuck at GND
Warning (15400): WYSIWYG primitive "Sdram_Control_4Port:u8|Sdram_FIFO:write_fifo2|dcfifo:dcfifo_component|dcfifo_m2o1:auto_generated|altsyncram_1l81:fifo_ram|altsyncram_drg1:altsyncram14|ram_block15a0" has a port clk1 that is stuck at GND
Warning (15400): WYSIWYG primitive "Sdram_Control_4Port:u8|Sdram_FIFO:write_fifo2|dcfifo:dcfifo_component|dcfifo_m2o1:auto_generated|altsyncram_1l81:fifo_ram|altsyncram_drg1:altsyncram14|ram_block15a1" has a port clk1 that is stuck at GND
Warning (15400): WYSIWYG primitive "Sdram_Control_4Port:u8|Sdram_FIFO:write_fifo2|dcfifo:dcfifo_component|dcfifo_m2o1:auto_generated|altsyncram_1l81:fifo_ram|altsyncram_drg1:altsyncram14|ram_block15a2" has a port clk1 that is stuck at GND
Warning (15400): WYSIWYG primitive "Sdram_Control_4Port:u8|Sdram_FIFO:write_fifo2|dcfifo:dcfifo_component|dcfifo_m2o1:auto_generated|altsyncram_1l81:fifo_ram|altsyncram_drg1:altsyncram14|ram_block15a3" has a port clk1 that is stuck at GND
Warning (15400): WYSIWYG primitive "Sdram_Control_4Port:u8|Sdram_FIFO:write_fifo2|dcfifo:dcfifo_component|dcfifo_m2o1:auto_generated|altsyncram_1l81:fifo_ram|altsyncram_drg1:altsyncram14|ram_block15a4" has a port clk1 that is stuck at GND
Warning (15400): WYSIWYG primitive "Sdram_Control_4Port:u8|Sdram_FIFO:write_fifo2|dcfifo:dcfifo_component|dcfifo_m2o1:auto_generated|altsyncram_1l81:fifo_ram|altsyncram_drg1:altsyncram14|ram_block15a5" has a port clk1 that is stuck at GND
Warning (15400): WYSIWYG primitive "Sdram_Control_4Port:u8|Sdram_FIFO:write_fifo2|dcfifo:dcfifo_component|dcfifo_m2o1:auto_generated|altsyncram_1l81:fifo_ram|altsyncram_drg1:altsyncram14|ram_block15a6" has a port clk1 that is stuck at GND
Warning (15400): WYSIWYG primitive "Sdram_Control_4Port:u8|Sdram_FIFO:write_fifo2|dcfifo:dcfifo_component|dcfifo_m2o1:auto_generated|altsyncram_1l81:fifo_ram|altsyncram_drg1:altsyncram14|ram_block15a7" has a port clk1 that is stuck at GND
Warning (15400): WYSIWYG primitive "Sdram_Control_4Port:u8|Sdram_FIFO:write_fifo2|dcfifo:dcfifo_component|dcfifo_m2o1:auto_generated|altsyncram_1l81:fifo_ram|altsyncram_drg1:altsyncram14|ram_block15a8" has a port clk1 that is stuck at GND
Warning (15400): WYSIWYG primitive "Sdram_Control_4Port:u8|Sdram_FIFO:write_fifo2|dcfifo:dcfifo_component|dcfifo_m2o1:auto_generated|altsyncram_1l81:fifo_ram|altsyncram_drg1:altsyncram14|ram_block15a9" has a port clk1 that is stuck at GND
Warning (15400): WYSIWYG primitive "Sdram_Control_4Port:u8|Sdram_FIFO:write_fifo2|dcfifo:dcfifo_component|dcfifo_m2o1:auto_generated|altsyncram_1l81:fifo_ram|altsyncram_drg1:altsyncram14|ram_block15a10" has a port clk1 that is stuck at GND
Warning (15400): WYSIWYG primitive "Sdram_Control_4Port:u8|Sdram_FIFO:write_fifo2|dcfifo:dcfifo_component|dcfifo_m2o1:auto_generated|altsyncram_1l81:fifo_ram|altsyncram_drg1:altsyncram14|ram_block15a11" has a port clk1 that is stuck at GND
Warning (15400): WYSIWYG primitive "Sdram_Control_4Port:u8|Sdram_FIFO:write_fifo2|dcfifo:dcfifo_component|dcfifo_m2o1:auto_generated|altsyncram_1l81:fifo_ram|altsyncram_drg1:altsyncram14|ram_block15a12" has a port clk1 that is stuck at GND
Warning (15400): WYSIWYG primitive "Sdram_Control_4Port:u8|Sdram_FIFO:write_fifo2|dcfifo:dcfifo_component|dcfifo_m2o1:auto_generated|altsyncram_1l81:fifo_ram|altsyncram_drg1:altsyncram14|ram_block15a13" has a port clk1 that is stuck at GND
Warning (15400): WYSIWYG primitive "Sdram_Control_4Port:u8|Sdram_FIFO:write_fifo2|dcfifo:dcfifo_component|dcfifo_m2o1:auto_generated|altsyncram_1l81:fifo_ram|altsyncram_drg1:altsyncram14|ram_block15a14" has a port clk1 that is stuck at GND
Warning (15400): WYSIWYG primitive "Sdram_Control_4Port:u8|Sdram_FIFO:write_fifo2|dcfifo:dcfifo_component|dcfifo_m2o1:auto_generated|altsyncram_1l81:fifo_ram|altsyncram_drg1:altsyncram14|ram_block15a15" has a port clk1 that is stuck at GND
Warning (21074): Design contains 51 input pin(s) that do not drive logic
    Warning (15610): No output dependent on input pin "iCLK_28"
    Warning (15610): No output dependent on input pin "iCLK_50_4"
    Warning (15610): No output dependent on input pin "iEXT_CLOCK"
    Warning (15610): No output dependent on input pin "iSW[3]"
    Warning (15610): No output dependent on input pin "iSW[4]"
    Warning (15610): No output dependent on input pin "iSW[5]"
    Warning (15610): No output dependent on input pin "iSW[6]"
    Warning (15610): No output dependent on input pin "iSW[7]"
    Warning (15610): No output dependent on input pin "iSW[8]"
    Warning (15610): No output dependent on input pin "iSW[9]"
    Warning (15610): No output dependent on input pin "iSW[10]"
    Warning (15610): No output dependent on input pin "iSW[11]"
    Warning (15610): No output dependent on input pin "iSW[12]"
    Warning (15610): No output dependent on input pin "iSW[13]"
    Warning (15610): No output dependent on input pin "iSW[14]"
    Warning (15610): No output dependent on input pin "iSW[15]"
    Warning (15610): No output dependent on input pin "iSW[16]"
    Warning (15610): No output dependent on input pin "iUART_RTS"
    Warning (15610): No output dependent on input pin "iIRDA_RXD"
    Warning (15610): No output dependent on input pin "iFLASH_RY_N"
    Warning (15610): No output dependent on input pin "iOTG_INT0"
    Warning (15610): No output dependent on input pin "iOTG_INT1"
    Warning (15610): No output dependent on input pin "iOTG_DREQ0"
    Warning (15610): No output dependent on input pin "iOTG_DREQ1"
    Warning (15610): No output dependent on input pin "iENET_INT"
    Warning (15610): No output dependent on input pin "iAUD_ADCDAT"
    Warning (15610): No output dependent on input pin "iTD1_CLK27"
    Warning (15610): No output dependent on input pin "iTD1_D[0]"
    Warning (15610): No output dependent on input pin "iTD1_D[1]"
    Warning (15610): No output dependent on input pin "iTD1_D[2]"
    Warning (15610): No output dependent on input pin "iTD1_D[3]"
    Warning (15610): No output dependent on input pin "iTD1_D[4]"
    Warning (15610): No output dependent on input pin "iTD1_D[5]"
    Warning (15610): No output dependent on input pin "iTD1_D[6]"
    Warning (15610): No output dependent on input pin "iTD1_D[7]"
    Warning (15610): No output dependent on input pin "iTD1_HS"
    Warning (15610): No output dependent on input pin "iTD1_VS"
    Warning (15610): No output dependent on input pin "iTD2_CLK27"
    Warning (15610): No output dependent on input pin "iTD2_D[0]"
    Warning (15610): No output dependent on input pin "iTD2_D[1]"
    Warning (15610): No output dependent on input pin "iTD2_D[2]"
    Warning (15610): No output dependent on input pin "iTD2_D[3]"
    Warning (15610): No output dependent on input pin "iTD2_D[4]"
    Warning (15610): No output dependent on input pin "iTD2_D[5]"
    Warning (15610): No output dependent on input pin "iTD2_D[6]"
    Warning (15610): No output dependent on input pin "iTD2_D[7]"
    Warning (15610): No output dependent on input pin "iTD2_HS"
    Warning (15610): No output dependent on input pin "iTD2_VS"
    Warning (15610): No output dependent on input pin "GPIO_CLKIN_N0"
    Warning (15610): No output dependent on input pin "GPIO_CLKIN_P0"
    Warning (15610): No output dependent on input pin "GPIO_CLKIN_P1"
Info (21057): Implemented 3785 device resources after synthesis - the final resource count might be different
    Info (21058): Implemented 64 input pins
    Info (21059): Implemented 261 output pins
    Info (21060): Implemented 205 bidirectional pins
    Info (21061): Implemented 3089 logic cells
    Info (21064): Implemented 164 RAM segments
    Info (21065): Implemented 2 PLLs
Info: Quartus II 64-Bit Partition Merge was successful. 0 errors, 85 warnings
    Info: Peak virtual memory: 473 megabytes
    Info: Processing ended: Tue May 24 16:44:58 2016
    Info: Elapsed time: 00:00:01
    Info: Total CPU time (on all processors): 00:00:01


