Flow report for DE2_70
Mon May 23 19:05:22 2016
Quartus II 64-Bit Version 13.0.1 Build 232 06/12/2013 Service Pack 1 SJ Full Version


---------------------
; Table of Contents ;
---------------------
  1. Legal Notice
  2. Flow Summary
  3. Flow Settings
  4. Flow Non-Default Global Settings
  5. Flow Elapsed Time
  6. Flow OS Summary
  7. Flow Log
  8. Flow Messages
  9. Flow Suppressed Messages



----------------
; Legal Notice ;
----------------
Copyright (C) 1991-2013 Altera Corporation
Your use of Altera Corporation's design tools, logic functions 
and other software and tools, and its AMPP partner logic 
functions, and any output files from any of the foregoing 
(including device programming or simulation files), and any 
associated documentation or information are expressly subject 
to the terms and conditions of the Altera Program License 
Subscription Agreement, Altera MegaCore Function License 
Agreement, or other applicable license agreement, including, 
without limitation, that your use is for the sole purpose of 
programming logic devices manufactured by Altera and sold by 
Altera or its authorized distributors.  Please refer to the 
applicable agreement for further details.



+---------------------------------------------------------------------------------------+
; Flow Summary                                                                          ;
+------------------------------------+--------------------------------------------------+
; Flow Status                        ; Successful - Mon May 23 19:05:22 2016            ;
; Quartus II 64-Bit Version          ; 13.0.1 Build 232 06/12/2013 SP 1 SJ Full Version ;
; Revision Name                      ; DE2_70                                           ;
; Top-level Entity Name              ; DE2_70                                           ;
; Family                             ; Cyclone II                                       ;
; Device                             ; EP2C70F896C6                                     ;
; Timing Models                      ; Final                                            ;
; Total logic elements               ; 2,138 / 68,416 ( 3 % )                           ;
;     Total combinational functions  ; 1,879 / 68,416 ( 3 % )                           ;
;     Dedicated logic registers      ; 1,344 / 68,416 ( 2 % )                           ;
; Total registers                    ; 1414                                             ;
; Total pins                         ; 530 / 622 ( 85 % )                               ;
; Total virtual pins                 ; 0                                                ;
; Total memory bits                  ; 89,144 / 1,152,000 ( 8 % )                       ;
; Embedded Multiplier 9-bit elements ; 0 / 300 ( 0 % )                                  ;
; Total PLLs                         ; 2 / 4 ( 50 % )                                   ;
+------------------------------------+--------------------------------------------------+


+-----------------------------------------+
; Flow Settings                           ;
+-------------------+---------------------+
; Option            ; Setting             ;
+-------------------+---------------------+
; Start date & time ; 05/23/2016 18:00:44 ;
; Main task         ; Compilation         ;
; Revision Name     ; DE2_70              ;
+-------------------+---------------------+


+------------------------------------------------------------------------------------------------------------------------------------------------+
; Flow Non-Default Global Settings                                                                                                               ;
+-------------------------------------+-----------------------------------------------------------+---------------+-------------+----------------+
; Assignment Name                     ; Value                                                     ; Default Value ; Entity Name ; Section Id     ;
+-------------------------------------+-----------------------------------------------------------+---------------+-------------+----------------+
; COMPILER_SIGNATURE_ID               ; 57277343971634.146399044413364                            ; --            ; --          ; --             ;
; EDA_OUTPUT_DATA_FORMAT              ; Verilog Hdl                                               ; --            ; --          ; eda_simulation ;
; EDA_SIMULATION_TOOL                 ; ModelSim-Altera (Verilog)                                 ; <None>        ; --          ; --             ;
; EDA_TIME_SCALE                      ; 1 ps                                                      ; --            ; --          ; eda_simulation ;
; ENABLE_SIGNALTAP                    ; On                                                        ; --            ; --          ; --             ;
; IP_TOOL_NAME                        ; RAM: 2-PORT                                               ; --            ; --          ; --             ;
; IP_TOOL_VERSION                     ; 13.0                                                      ; --            ; --          ; --             ;
; MAX_CORE_JUNCTION_TEMP              ; 85                                                        ; --            ; --          ; --             ;
; MIN_CORE_JUNCTION_TEMP              ; 0                                                         ; --            ; --          ; --             ;
; MISC_FILE                           ; SRAM.bsf                                                  ; --            ; --          ; --             ;
; MISC_FILE                           ; SRAM_bb.v                                                 ; --            ; --          ; --             ;
; MISC_FILE                           ; SRAM_syn.v                                                ; --            ; --          ; --             ;
; NUM_PARALLEL_PROCESSORS             ; Default                                                   ; 1             ; --          ; --             ;
; PARTITION_COLOR                     ; 2147039                                                   ; --            ; --          ; Top            ;
; PARTITION_FITTER_PRESERVATION_LEVEL ; PLACEMENT_AND_ROUTING                                     ; --            ; --          ; Top            ;
; PARTITION_NETLIST_TYPE              ; SOURCE                                                    ; --            ; --          ; Top            ;
; POWER_BOARD_THERMAL_MODEL           ; None (CONSERVATIVE)                                       ; --            ; --          ; --             ;
; POWER_PRESET_COOLING_SOLUTION       ; 23 MM HEAT SINK WITH 200 LFPM AIRFLOW                     ; --            ; --          ; --             ;
; SEARCH_PATH                         ; Sdram_Control_4Port/                                      ; --            ; --          ; --             ;
; SLD_FILE                            ; C:/Users/tjmer2.MONASH/GIT/ECE4063/stp1_auto_stripped.stp ; --            ; --          ; --             ;
; SMART_RECOMPILE                     ; On                                                        ; Off           ; --          ; --             ;
; TIMEQUEST_DO_REPORT_TIMING          ; On                                                        ; Off           ; --          ; --             ;
; USE_SIGNALTAP_FILE                  ; stp1.stp                                                  ; --            ; --          ; --             ;
+-------------------------------------+-----------------------------------------------------------+---------------+-------------+----------------+


+-------------------------------------------------------------------------------------------------------------------------------+
; Flow Elapsed Time                                                                                                             ;
+---------------------------+--------------+-------------------------+---------------------+------------------------------------+
; Module Name               ; Elapsed Time ; Average Processors Used ; Peak Virtual Memory ; Total CPU Time (on all processors) ;
+---------------------------+--------------+-------------------------+---------------------+------------------------------------+
; Analysis & Synthesis      ; 00:00:06     ; 1.0                     ; 500 MB              ; 00:00:06                           ;
; Fitter                    ; 00:00:17     ; 1.5                     ; 1195 MB             ; 00:00:25                           ;
; Assembler                 ; 00:00:04     ; 1.0                     ; 474 MB              ; 00:00:03                           ;
; TimeQuest Timing Analyzer ; 00:00:03     ; 1.0                     ; 490 MB              ; 00:00:02                           ;
; EDA Netlist Writer        ; 00:00:02     ; 1.0                     ; 437 MB              ; 00:00:01                           ;
; Analysis & Synthesis      ; 00:00:10     ; 1.3                     ; 568 MB              ; 00:00:08                           ;
; Partition Merge           ; 00:00:02     ; 1.0                     ; 488 MB              ; 00:00:01                           ;
; Fitter                    ; 00:00:16     ; 1.4                     ; 1196 MB             ; 00:00:20                           ;
; Assembler                 ; 00:00:03     ; 1.0                     ; 462 MB              ; 00:00:03                           ;
; TimeQuest Timing Analyzer ; 00:00:03     ; 1.0                     ; 514 MB              ; 00:00:03                           ;
; EDA Netlist Writer        ; 00:00:03     ; 1.0                     ; 457 MB              ; 00:00:02                           ;
; Analysis & Synthesis      ; 00:00:08     ; 1.0                     ; 547 MB              ; 00:00:04                           ;
; Analysis & Synthesis      ; 00:00:03     ; 1.0                     ; 548 MB              ; 00:00:03                           ;
; Analysis & Synthesis      ; 00:00:03     ; 1.0                     ; 492 MB              ; 00:00:03                           ;
; Partition Merge           ; 00:00:01     ; 1.0                     ; 488 MB              ; 00:00:01                           ;
; Fitter                    ; 00:00:10     ; 1.3                     ; 1180 MB             ; 00:00:13                           ;
; Assembler                 ; 00:00:03     ; 1.0                     ; 474 MB              ; 00:00:03                           ;
; TimeQuest Timing Analyzer ; 00:00:03     ; 1.0                     ; 490 MB              ; 00:00:02                           ;
; EDA Netlist Writer        ; 00:00:02     ; 1.0                     ; 437 MB              ; 00:00:02                           ;
; Analysis & Elaboration    ; 00:00:02     ; 1.0                     ; 468 MB              ; 00:00:01                           ;
; Analysis & Synthesis      ; 00:00:02     ; 1.0                     ; 471 MB              ; 00:00:01                           ;
; Analysis & Synthesis      ; 00:00:06     ; 1.0                     ; 508 MB              ; 00:00:06                           ;
; Partition Merge           ; 00:00:02     ; 1.0                     ; 478 MB              ; 00:00:01                           ;
; Fitter                    ; 00:00:17     ; 1.6                     ; 1182 MB             ; 00:00:25                           ;
; Assembler                 ; 00:00:03     ; 1.0                     ; 451 MB              ; 00:00:03                           ;
; TimeQuest Timing Analyzer ; 00:00:03     ; 1.0                     ; 489 MB              ; 00:00:02                           ;
; EDA Netlist Writer        ; 00:00:02     ; 1.0                     ; 437 MB              ; 00:00:01                           ;
; Analysis & Synthesis      ; 00:00:01     ; 1.0                     ; 439 MB              ; 00:00:01                           ;
; Analysis & Synthesis      ; 00:00:06     ; 1.0                     ; 508 MB              ; 00:00:06                           ;
; Partition Merge           ; 00:00:01     ; 1.0                     ; 478 MB              ; 00:00:01                           ;
; Fitter                    ; 00:00:17     ; 1.2                     ; 1185 MB             ; 00:00:24                           ;
; Assembler                 ; 00:00:04     ; 1.0                     ; 451 MB              ; 00:00:03                           ;
; TimeQuest Timing Analyzer ; 00:00:03     ; 1.0                     ; 487 MB              ; 00:00:02                           ;
; EDA Netlist Writer        ; 00:00:02     ; 1.0                     ; 437 MB              ; 00:00:01                           ;
; Analysis & Synthesis      ; 00:00:01     ; 1.0                     ; 439 MB              ; 00:00:01                           ;
; Analysis & Synthesis      ; 00:00:01     ; 1.0                     ; 445 MB              ; 00:00:01                           ;
; Analysis & Synthesis      ; 00:00:07     ; 1.0                     ; 504 MB              ; 00:00:06                           ;
; Partition Merge           ; 00:00:01     ; 1.0                     ; 474 MB              ; 00:00:01                           ;
; Fitter                    ; 00:00:17     ; 1.6                     ; 1187 MB             ; 00:00:25                           ;
; Assembler                 ; 00:00:03     ; 1.0                     ; 470 MB              ; 00:00:03                           ;
; TimeQuest Timing Analyzer ; 00:00:02     ; 1.0                     ; 490 MB              ; 00:00:02                           ;
; EDA Netlist Writer        ; 00:00:01     ; 1.0                     ; 444 MB              ; 00:00:01                           ;
; Analysis & Synthesis      ; 00:00:07     ; 1.0                     ; 506 MB              ; 00:00:06                           ;
; Partition Merge           ; 00:00:01     ; 1.0                     ; 468 MB              ; 00:00:01                           ;
; Fitter                    ; 00:00:18     ; 1.9                     ; 1192 MB             ; 00:00:25                           ;
; Assembler                 ; 00:00:03     ; 1.0                     ; 470 MB              ; 00:00:03                           ;
; TimeQuest Timing Analyzer ; 00:00:03     ; 1.0                     ; 490 MB              ; 00:00:02                           ;
; EDA Netlist Writer        ; 00:00:02     ; 1.0                     ; 444 MB              ; 00:00:01                           ;
; Analysis & Synthesis      ; 00:00:07     ; 1.0                     ; 518 MB              ; 00:00:06                           ;
; Partition Merge           ; 00:00:01     ; 1.0                     ; 468 MB              ; 00:00:01                           ;
; Fitter                    ; 00:00:16     ; 1.4                     ; 1184 MB             ; 00:00:24                           ;
; Assembler                 ; 00:00:03     ; 1.0                     ; 451 MB              ; 00:00:03                           ;
; TimeQuest Timing Analyzer ; 00:00:03     ; 1.0                     ; 490 MB              ; 00:00:02                           ;
; EDA Netlist Writer        ; 00:00:01     ; 1.0                     ; 437 MB              ; 00:00:01                           ;
; Analysis & Synthesis      ; 00:00:06     ; 1.0                     ; 505 MB              ; 00:00:06                           ;
; Partition Merge           ; 00:00:01     ; 1.0                     ; 468 MB              ; 00:00:01                           ;
; Fitter                    ; 00:00:17     ; 1.5                     ; 1192 MB             ; 00:00:26                           ;
; Assembler                 ; 00:00:03     ; 1.0                     ; 470 MB              ; 00:00:03                           ;
; TimeQuest Timing Analyzer ; 00:00:03     ; 1.0                     ; 490 MB              ; 00:00:02                           ;
; EDA Netlist Writer        ; 00:00:01     ; 1.0                     ; 435 MB              ; 00:00:01                           ;
; Analysis & Synthesis      ; 00:00:07     ; 1.0                     ; 518 MB              ; 00:00:06                           ;
; Partition Merge           ; 00:00:02     ; 1.0                     ; 473 MB              ; 00:00:01                           ;
; Fitter                    ; 00:00:18     ; 1.7                     ; 1190 MB             ; 00:00:26                           ;
; Assembler                 ; 00:00:04     ; 1.0                     ; 470 MB              ; 00:00:03                           ;
; TimeQuest Timing Analyzer ; 00:00:03     ; 1.0                     ; 492 MB              ; 00:00:02                           ;
; EDA Netlist Writer        ; 00:00:02     ; 1.0                     ; 437 MB              ; 00:00:02                           ;
; Total                     ; 00:05:38     ; --                      ; --                  ; 00:06:17                           ;
+---------------------------+--------------+-------------------------+---------------------+------------------------------------+


+----------------------------------------------------------------------------------------+
; Flow OS Summary                                                                        ;
+---------------------------+------------------+-----------+------------+----------------+
; Module Name               ; Machine Hostname ; OS Name   ; OS Version ; Processor type ;
+---------------------------+------------------+-----------+------------+----------------+
; Analysis & Synthesis      ; 035-103-025WL    ; Windows 7 ; 6.1        ; x86_64         ;
; Fitter                    ; 035-103-025WL    ; Windows 7 ; 6.1        ; x86_64         ;
; Assembler                 ; 035-103-025WL    ; Windows 7 ; 6.1        ; x86_64         ;
; TimeQuest Timing Analyzer ; 035-103-025WL    ; Windows 7 ; 6.1        ; x86_64         ;
; EDA Netlist Writer        ; 035-103-025WL    ; Windows 7 ; 6.1        ; x86_64         ;
; Analysis & Synthesis      ; 035-103-025WL    ; Windows 7 ; 6.1        ; x86_64         ;
; Partition Merge           ; 035-103-025WL    ; Windows 7 ; 6.1        ; x86_64         ;
; Fitter                    ; 035-103-025WL    ; Windows 7 ; 6.1        ; x86_64         ;
; Assembler                 ; 035-103-025WL    ; Windows 7 ; 6.1        ; x86_64         ;
; TimeQuest Timing Analyzer ; 035-103-025WL    ; Windows 7 ; 6.1        ; x86_64         ;
; EDA Netlist Writer        ; 035-103-025WL    ; Windows 7 ; 6.1        ; x86_64         ;
; Analysis & Synthesis      ; 035-103-025WL    ; Windows 7 ; 6.1        ; x86_64         ;
; Analysis & Synthesis      ; 035-103-025WL    ; Windows 7 ; 6.1        ; x86_64         ;
; Analysis & Synthesis      ; 035-103-025WL    ; Windows 7 ; 6.1        ; x86_64         ;
; Partition Merge           ; 035-103-025WL    ; Windows 7 ; 6.1        ; x86_64         ;
; Fitter                    ; 035-103-025WL    ; Windows 7 ; 6.1        ; x86_64         ;
; Assembler                 ; 035-103-025WL    ; Windows 7 ; 6.1        ; x86_64         ;
; TimeQuest Timing Analyzer ; 035-103-025WL    ; Windows 7 ; 6.1        ; x86_64         ;
; EDA Netlist Writer        ; 035-103-025WL    ; Windows 7 ; 6.1        ; x86_64         ;
; Analysis & Elaboration    ; 035-103-025WL    ; Windows 7 ; 6.1        ; x86_64         ;
; Analysis & Synthesis      ; 035-103-025WL    ; Windows 7 ; 6.1        ; x86_64         ;
; Analysis & Synthesis      ; 035-103-025WL    ; Windows 7 ; 6.1        ; x86_64         ;
; Partition Merge           ; 035-103-025WL    ; Windows 7 ; 6.1        ; x86_64         ;
; Fitter                    ; 035-103-025WL    ; Windows 7 ; 6.1        ; x86_64         ;
; Assembler                 ; 035-103-025WL    ; Windows 7 ; 6.1        ; x86_64         ;
; TimeQuest Timing Analyzer ; 035-103-025WL    ; Windows 7 ; 6.1        ; x86_64         ;
; EDA Netlist Writer        ; 035-103-025WL    ; Windows 7 ; 6.1        ; x86_64         ;
; Analysis & Synthesis      ; 035-103-025WL    ; Windows 7 ; 6.1        ; x86_64         ;
; Analysis & Synthesis      ; 035-103-025WL    ; Windows 7 ; 6.1        ; x86_64         ;
; Partition Merge           ; 035-103-025WL    ; Windows 7 ; 6.1        ; x86_64         ;
; Fitter                    ; 035-103-025WL    ; Windows 7 ; 6.1        ; x86_64         ;
; Assembler                 ; 035-103-025WL    ; Windows 7 ; 6.1        ; x86_64         ;
; TimeQuest Timing Analyzer ; 035-103-025WL    ; Windows 7 ; 6.1        ; x86_64         ;
; EDA Netlist Writer        ; 035-103-025WL    ; Windows 7 ; 6.1        ; x86_64         ;
; Analysis & Synthesis      ; 035-103-025WL    ; Windows 7 ; 6.1        ; x86_64         ;
; Analysis & Synthesis      ; 035-103-025WL    ; Windows 7 ; 6.1        ; x86_64         ;
; Analysis & Synthesis      ; 035-103-025WL    ; Windows 7 ; 6.1        ; x86_64         ;
; Partition Merge           ; 035-103-025WL    ; Windows 7 ; 6.1        ; x86_64         ;
; Fitter                    ; 035-103-025WL    ; Windows 7 ; 6.1        ; x86_64         ;
; Assembler                 ; 035-103-025WL    ; Windows 7 ; 6.1        ; x86_64         ;
; TimeQuest Timing Analyzer ; 035-103-025WL    ; Windows 7 ; 6.1        ; x86_64         ;
; EDA Netlist Writer        ; 035-103-025WL    ; Windows 7 ; 6.1        ; x86_64         ;
; Analysis & Synthesis      ; 035-103-025WL    ; Windows 7 ; 6.1        ; x86_64         ;
; Partition Merge           ; 035-103-025WL    ; Windows 7 ; 6.1        ; x86_64         ;
; Fitter                    ; 035-103-025WL    ; Windows 7 ; 6.1        ; x86_64         ;
; Assembler                 ; 035-103-025WL    ; Windows 7 ; 6.1        ; x86_64         ;
; TimeQuest Timing Analyzer ; 035-103-025WL    ; Windows 7 ; 6.1        ; x86_64         ;
; EDA Netlist Writer        ; 035-103-025WL    ; Windows 7 ; 6.1        ; x86_64         ;
; Analysis & Synthesis      ; 035-103-025WL    ; Windows 7 ; 6.1        ; x86_64         ;
; Partition Merge           ; 035-103-025WL    ; Windows 7 ; 6.1        ; x86_64         ;
; Fitter                    ; 035-103-025WL    ; Windows 7 ; 6.1        ; x86_64         ;
; Assembler                 ; 035-103-025WL    ; Windows 7 ; 6.1        ; x86_64         ;
; TimeQuest Timing Analyzer ; 035-103-025WL    ; Windows 7 ; 6.1        ; x86_64         ;
; EDA Netlist Writer        ; 035-103-025WL    ; Windows 7 ; 6.1        ; x86_64         ;
; Analysis & Synthesis      ; 035-103-025WL    ; Windows 7 ; 6.1        ; x86_64         ;
; Partition Merge           ; 035-103-025WL    ; Windows 7 ; 6.1        ; x86_64         ;
; Fitter                    ; 035-103-025WL    ; Windows 7 ; 6.1        ; x86_64         ;
; Assembler                 ; 035-103-025WL    ; Windows 7 ; 6.1        ; x86_64         ;
; TimeQuest Timing Analyzer ; 035-103-025WL    ; Windows 7 ; 6.1        ; x86_64         ;
; EDA Netlist Writer        ; 035-103-025WL    ; Windows 7 ; 6.1        ; x86_64         ;
; Analysis & Synthesis      ; 035-103-025WL    ; Windows 7 ; 6.1        ; x86_64         ;
; Partition Merge           ; 035-103-025WL    ; Windows 7 ; 6.1        ; x86_64         ;
; Fitter                    ; 035-103-025WL    ; Windows 7 ; 6.1        ; x86_64         ;
; Assembler                 ; 035-103-025WL    ; Windows 7 ; 6.1        ; x86_64         ;
; TimeQuest Timing Analyzer ; 035-103-025WL    ; Windows 7 ; 6.1        ; x86_64         ;
; EDA Netlist Writer        ; 035-103-025WL    ; Windows 7 ; 6.1        ; x86_64         ;
+---------------------------+------------------+-----------+------------+----------------+


------------
; Flow Log ;
------------
quartus_map --read_settings_files=on --write_settings_files=off DE2_70 -c DE2_70
quartus_fit --read_settings_files=off --write_settings_files=off DE2_70 -c DE2_70
quartus_asm --read_settings_files=off --write_settings_files=off DE2_70 -c DE2_70
quartus_sta DE2_70 -c DE2_70
quartus_eda --read_settings_files=off --write_settings_files=off DE2_70 -c DE2_70
quartus_map --read_settings_files=on --write_settings_files=off DE2_70 -c DE2_70
quartus_cdb --read_settings_files=off --write_settings_files=off DE2_70 -c DE2_70 --merge=on
quartus_fit --read_settings_files=off --write_settings_files=off DE2_70 -c DE2_70
quartus_asm --read_settings_files=off --write_settings_files=off DE2_70 -c DE2_70
quartus_sta DE2_70 -c DE2_70
quartus_eda --read_settings_files=off --write_settings_files=off DE2_70 -c DE2_70
quartus_map --read_settings_files=on --write_settings_files=off DE2_70 -c DE2_70
quartus_map --read_settings_files=on --write_settings_files=off DE2_70 -c DE2_70
quartus_map --read_settings_files=on --write_settings_files=off DE2_70 -c DE2_70
quartus_cdb --read_settings_files=off --write_settings_files=off DE2_70 -c DE2_70 --merge=on
quartus_fit --read_settings_files=off --write_settings_files=off DE2_70 -c DE2_70
quartus_asm --read_settings_files=off --write_settings_files=off DE2_70 -c DE2_70
quartus_sta DE2_70 -c DE2_70
quartus_eda --read_settings_files=off --write_settings_files=off DE2_70 -c DE2_70
quartus_map --read_settings_files=on --write_settings_files=off DE2_70 -c DE2_70 --analysis_and_elaboration
quartus_map --read_settings_files=on --write_settings_files=off DE2_70 -c DE2_70
quartus_map --read_settings_files=on --write_settings_files=off DE2_70 -c DE2_70
quartus_cdb --read_settings_files=off --write_settings_files=off DE2_70 -c DE2_70 --merge=on
quartus_fit --read_settings_files=off --write_settings_files=off DE2_70 -c DE2_70
quartus_asm --read_settings_files=off --write_settings_files=off DE2_70 -c DE2_70
quartus_sta DE2_70 -c DE2_70
quartus_eda --read_settings_files=off --write_settings_files=off DE2_70 -c DE2_70
quartus_map --read_settings_files=on --write_settings_files=off DE2_70 -c DE2_70
quartus_map --read_settings_files=on --write_settings_files=off DE2_70 -c DE2_70
quartus_cdb --read_settings_files=off --write_settings_files=off DE2_70 -c DE2_70 --merge=on
quartus_fit --read_settings_files=off --write_settings_files=off DE2_70 -c DE2_70
quartus_asm --read_settings_files=off --write_settings_files=off DE2_70 -c DE2_70
quartus_sta DE2_70 -c DE2_70
quartus_eda --read_settings_files=off --write_settings_files=off DE2_70 -c DE2_70
quartus_map --read_settings_files=on --write_settings_files=off DE2_70 -c DE2_70
quartus_map --read_settings_files=on --write_settings_files=off DE2_70 -c DE2_70
quartus_map --read_settings_files=on --write_settings_files=off DE2_70 -c DE2_70
quartus_cdb --read_settings_files=off --write_settings_files=off DE2_70 -c DE2_70 --merge=on
quartus_fit --read_settings_files=off --write_settings_files=off DE2_70 -c DE2_70
quartus_asm --read_settings_files=off --write_settings_files=off DE2_70 -c DE2_70
quartus_sta DE2_70 -c DE2_70
quartus_eda --read_settings_files=off --write_settings_files=off DE2_70 -c DE2_70
quartus_map --read_settings_files=on --write_settings_files=off DE2_70 -c DE2_70
quartus_cdb --read_settings_files=off --write_settings_files=off DE2_70 -c DE2_70 --merge=on
quartus_fit --read_settings_files=off --write_settings_files=off DE2_70 -c DE2_70
quartus_asm --read_settings_files=off --write_settings_files=off DE2_70 -c DE2_70
quartus_sta DE2_70 -c DE2_70
quartus_eda --read_settings_files=off --write_settings_files=off DE2_70 -c DE2_70
quartus_map --read_settings_files=on --write_settings_files=off DE2_70 -c DE2_70
quartus_cdb --read_settings_files=off --write_settings_files=off DE2_70 -c DE2_70 --merge=on
quartus_fit --read_settings_files=off --write_settings_files=off DE2_70 -c DE2_70
quartus_asm --read_settings_files=off --write_settings_files=off DE2_70 -c DE2_70
quartus_sta DE2_70 -c DE2_70
quartus_eda --read_settings_files=off --write_settings_files=off DE2_70 -c DE2_70
quartus_map --read_settings_files=on --write_settings_files=off DE2_70 -c DE2_70
quartus_cdb --read_settings_files=off --write_settings_files=off DE2_70 -c DE2_70 --merge=on
quartus_fit --read_settings_files=off --write_settings_files=off DE2_70 -c DE2_70
quartus_asm --read_settings_files=off --write_settings_files=off DE2_70 -c DE2_70
quartus_sta DE2_70 -c DE2_70
quartus_eda --read_settings_files=off --write_settings_files=off DE2_70 -c DE2_70
quartus_map --read_settings_files=on --write_settings_files=off DE2_70 -c DE2_70
quartus_cdb --read_settings_files=off --write_settings_files=off DE2_70 -c DE2_70 --merge=on
quartus_fit --read_settings_files=off --write_settings_files=off DE2_70 -c DE2_70
quartus_asm --read_settings_files=off --write_settings_files=off DE2_70 -c DE2_70
quartus_sta DE2_70 -c DE2_70
quartus_eda --read_settings_files=off --write_settings_files=off DE2_70 -c DE2_70



